[debug] [2021-10-18T20:25:09.493Z] ----------------------------------------------------------------------
[debug] [2021-10-18T20:25:09.495Z] Command:       C:\Program Files\nodejs\node.exe C:\Users\vital\AppData\Roaming\npm\node_modules\firebase-tools\lib\bin\firebase.js init
[debug] [2021-10-18T20:25:09.495Z] CLI Version:   9.20.0
[debug] [2021-10-18T20:25:09.495Z] Platform:      win32
[debug] [2021-10-18T20:25:09.495Z] Node Version:  v14.17.4
[debug] [2021-10-18T20:25:09.496Z] Time:          Mon Oct 18 2021 23:25:09 GMT+0300 (Москва, стандартное время)
[debug] [2021-10-18T20:25:09.496Z] ----------------------------------------------------------------------
[debug] 
[debug] [2021-10-18T20:25:09.538Z] > command requires scopes: ["email","openid","https://www.googleapis.com/auth/cloudplatformprojects.readonly","https://www.googleapis.com/auth/firebase","https://www.googleapis.com/auth/cloud-platform"]
[debug] [2021-10-18T20:25:09.538Z] > authorizing via signed-in user (vitaliyalimov505@gmail.com)
[info] 
     ######## #### ########  ######## ########     ###     ######  ########
     ##        ##  ##     ## ##       ##     ##  ##   ##  ##       ##
     ######    ##  ########  ######   ########  #########  ######  ######
     ##        ##  ##    ##  ##       ##     ## ##     ##       ## ##
     ##       #### ##     ## ######## ########  ##     ##  ######  ########

You're about to initialize a Firebase project in this directory:

  D:\JS and TS\SkySoft\Workplace_deploy

Before we get started, keep in mind:

  * You are initializing within an existing Firebase project directory

[info] 
=== Project Setup
[info] 
[info] First, let's associate this project directory with a Firebase project.
[info] You can create multiple project aliases by running firebase use --add, 
[info] but for now we'll just set up a default project.
[info] 
[info] i  .firebaserc already has a default project, using sky-workplace. 
[debug] [2021-10-18T20:25:14.579Z] > refreshing access token with scopes: []
[debug] [2021-10-18T20:25:14.580Z] >>> HTTP REQUEST POST https://www.googleapis.com/oauth2/v3/token  
 <request body omitted>
[debug] [2021-10-18T20:25:14.823Z] <<< HTTP RESPONSE 200 {"pragma":"no-cache","date":"Mon, 18 Oct 2021 20:25:13 GMT","expires":"Mon, 01 Jan 1990 00:00:00 GMT","cache-control":"no-cache, no-store, max-age=0, must-revalidate","content-type":"application/json; charset=utf-8","vary":"X-Origin, Referer, Origin,Accept-Encoding","server":"scaffolding on HTTPServer2","x-xss-protection":"0","x-frame-options":"SAMEORIGIN","x-content-type-options":"nosniff","alt-svc":"h3=\":443\"; ma=2592000,h3-29=\":443\"; ma=2592000,h3-T051=\":443\"; ma=2592000,h3-Q050=\":443\"; ma=2592000,h3-Q046=\":443\"; ma=2592000,h3-Q043=\":443\"; ma=2592000,quic=\":443\"; ma=2592000; v=\"46,43\"","accept-ranges":"none","transfer-encoding":"chunked"}
[debug] [2021-10-18T20:25:14.852Z] >>> [apiv2][query] GET https://firebase.googleapis.com/v1beta1/projects/sky-workplace [none]
[debug] [2021-10-18T20:25:15.250Z] <<< [apiv2][status] GET https://firebase.googleapis.com/v1beta1/projects/sky-workplace 200
[debug] [2021-10-18T20:25:15.250Z] <<< [apiv2][body] GET https://firebase.googleapis.com/v1beta1/projects/sky-workplace {"projectId":"sky-workplace","projectNumber":"958347088374","displayName":"Sky-Workplace","name":"projects/sky-workplace","resources":{"hostingSite":"sky-workplace","realtimeDatabaseInstance":"sky-workplace-default-rtdb"},"state":"ACTIVE"}
[info] 
=== Hosting:github Setup
[info] 
[info] i  Detected a .git folder at D:\JS and TS\SkySoft\Workplace_deploy 
[info] i  Authorizing with GitHub to upload your service account to a GitHub repository's secrets store. 
[info] 
[info] Visit this URL on this device to log in:
[info] https://github.com/login/oauth/authorize?client_id=89cf50f02ac6aaed3484&state=661628519&redirect_uri=http%3A%2F%2Flocalhost%3A9005&scope=read%3Auser%20repo%20public_repo
[info] 
[info] Waiting for authentication...
[debug] [2021-10-18T20:25:16.114Z] >>> HTTP REQUEST POST https://github.com/login/oauth/access_token  
 {"client_id":"89cf50f02ac6aaed3484","client_secret":"3330d14abc895d9a74d5f17cd7a00711fa2c5bf0","code":"b998e6f495405fb18c47","redirect_uri":"http://localhost:9005","state":"661628519"}
[debug] [2021-10-18T20:25:16.464Z] <<< HTTP RESPONSE 200 {"server":"GitHub.com","date":"Mon, 18 Oct 2021 20:25:15 GMT","content-type":"application/json; charset=utf-8","transfer-encoding":"chunked","vary":"X-PJAX, X-PJAX-Container, Accept-Encoding, Accept, X-Requested-With","permissions-policy":"interest-cohort=()","etag":"W/\"ec64745079220ce5a9dd04bc7846b193\"","cache-control":"max-age=0, private, must-revalidate","strict-transport-security":"max-age=31536000; includeSubdomains; preload","x-frame-options":"deny","x-content-type-options":"nosniff","x-xss-protection":"0","referrer-policy":"origin-when-cross-origin, strict-origin-when-cross-origin","expect-ct":"max-age=2592000, report-uri=\"https://api.github.com/_private/browser/errors\"","content-security-policy":"default-src 'none'; base-uri 'self'; block-all-mixed-content; child-src github.com/assets-cdn/worker/ gist.github.com/assets-cdn/worker/; connect-src 'self' uploads.github.com objects-origin.githubusercontent.com www.githubstatus.com collector.githubapp.com api.github.com github-cloud.s3.amazonaws.com github-production-repository-file-5c1aeb.s3.amazonaws.com github-production-upload-manifest-file-7fdce7.s3.amazonaws.com github-production-user-asset-6210df.s3.amazonaws.com cdn.optimizely.com logx.optimizely.com/v1/events translator.github.com wss://alive.github.com; font-src github.githubassets.com; form-action 'self' github.com gist.github.com objects-origin.githubusercontent.com; frame-ancestors 'none'; frame-src render.githubusercontent.com viewscreen.githubusercontent.com; img-src 'self' data: github.githubassets.com identicons.github.com collector.githubapp.com github-cloud.s3.amazonaws.com secured-user-images.githubusercontent.com/ *.githubusercontent.com; manifest-src 'self'; media-src github.com user-images.githubusercontent.com/; script-src github.githubassets.com; style-src 'unsafe-inline' github.githubassets.com; worker-src github.com/assets-cdn/worker/ gist.github.com/assets-cdn/worker/","x-github-request-id":"D927:BE03:3CEBE07:3FBAE1F:616DD82B"}
[debug] [2021-10-18T20:25:16.469Z] >>> [apiv2][query] GET https://api.github.com/user [none]
[debug] [2021-10-18T20:25:16.863Z] <<< [apiv2][status] GET https://api.github.com/user 200
[debug] [2021-10-18T20:25:16.864Z] <<< [apiv2][body] GET https://api.github.com/user {"login":"Vitalii505","id":63597786,"node_id":"MDQ6VXNlcjYzNTk3Nzg2","avatar_url":"https://avatars.githubusercontent.com/u/63597786?v=4","gravatar_id":"","url":"https://api.github.com/users/Vitalii505","html_url":"https://github.com/Vitalii505","followers_url":"https://api.github.com/users/Vitalii505/followers","following_url":"https://api.github.com/users/Vitalii505/following{/other_user}","gists_url":"https://api.github.com/users/Vitalii505/gists{/gist_id}","starred_url":"https://api.github.com/users/Vitalii505/starred{/owner}{/repo}","subscriptions_url":"https://api.github.com/users/Vitalii505/subscriptions","organizations_url":"https://api.github.com/users/Vitalii505/orgs","repos_url":"https://api.github.com/users/Vitalii505/repos","events_url":"https://api.github.com/users/Vitalii505/events{/privacy}","received_events_url":"https://api.github.com/users/Vitalii505/received_events","type":"User","site_admin":false,"name":"Vitalii","company":null,"blog":"","location":"Vinnitsa","email":null,"hireable":null,"bio":null,"twitter_username":null,"public_repos":18,"public_gists":0,"followers":0,"following":0,"created_at":"2020-04-13T14:24:44Z","updated_at":"2021-08-28T15:07:38Z","private_gists":1,"total_private_repos":2,"owned_private_repos":2,"disk_usage":9334,"collaborators":0,"two_factor_authentication":false,"plan":{"name":"free","space":976562499,"collaborators":0,"private_repos":10000}}
[info] 
[info] +  Success! Logged into GitHub as Vitalii505 
[info] 
